  json.cpp
  linearSegmentation.cpp
C:\Google Drive\Ongoing\segmentation\code\c++\linearSegmentation\linearSegmentation.cpp(7,10): warning C4101: 'j': unreferenced local variable
C:\Google Drive\Ongoing\segmentation\code\c++\linearSegmentation\linearSegmentation.cpp(53,19): warning C4267: '=': conversion from 'size_t' to 'int', possible loss of data
C:\Google Drive\Ongoing\segmentation\code\c++\linearSegmentation\linearSegmentation.cpp(153,17): warning C4267: '=': conversion from 'size_t' to 'int', possible loss of data
C:\Google Drive\Ongoing\segmentation\code\c++\linearSegmentation\linearSegmentation.cpp(150,1): warning C4102: 'l0': unreferenced label
C:\Google Drive\Ongoing\segmentation\code\c++\linearSegmentation\linearSegmentation.cpp(127,8): warning C4101: 'i': unreferenced local variable
C:\Google Drive\Ongoing\segmentation\code\c++\linearSegmentation\linearSegmentation.cpp(175,19): warning C4267: '=': conversion from 'size_t' to 'int', possible loss of data
C:\Google Drive\Ongoing\segmentation\code\c++\linearSegmentation\linearSegmentation.cpp(176,14): warning C4267: '=': conversion from 'size_t' to 'int', possible loss of data
C:\Google Drive\Ongoing\segmentation\code\c++\linearSegmentation\linearSegmentation.cpp(239,14): warning C4267: '=': conversion from 'size_t' to 'int', possible loss of data
C:\Google Drive\Ongoing\segmentation\code\c++\linearSegmentation\linearSegmentation.cpp(261,14): warning C4267: '=': conversion from 'size_t' to 'int', possible loss of data
C:\Google Drive\Ongoing\segmentation\code\c++\linearSegmentation\linearSegmentation.cpp(293,14): warning C4267: '=': conversion from 'size_t' to 'int', possible loss of data
C:\Google Drive\Ongoing\segmentation\code\c++\linearSegmentation\linearSegmentation.cpp(318,14): warning C4267: '=': conversion from 'size_t' to 'int', possible loss of data
C:\Google Drive\Ongoing\segmentation\code\c++\linearSegmentation\linearSegmentation.cpp(344,14): warning C4267: '=': conversion from 'size_t' to 'int', possible loss of data
C:\Google Drive\Ongoing\segmentation\code\c++\linearSegmentation\linearSegmentation.cpp(384,14): warning C4267: '=': conversion from 'size_t' to 'int', possible loss of data
C:\Google Drive\Ongoing\segmentation\code\c++\linearSegmentation\linearSegmentation.cpp(418,14): warning C4267: '=': conversion from 'size_t' to 'int', possible loss of data
C:\Google Drive\Ongoing\segmentation\code\c++\linearSegmentation\linearSegmentation.cpp(451,14): warning C4267: '=': conversion from 'size_t' to 'int', possible loss of data
C:\Google Drive\Ongoing\segmentation\code\c++\linearSegmentation\linearSegmentation.cpp(474,14): warning C4267: '=': conversion from 'size_t' to 'int', possible loss of data
C:\Google Drive\Ongoing\segmentation\code\c++\linearSegmentation\linearSegmentation.cpp(498,14): warning C4267: '=': conversion from 'size_t' to 'int', possible loss of data
C:\Google Drive\Ongoing\segmentation\code\c++\linearSegmentation\linearSegmentation.cpp(529,10): warning C4267: 'initializing': conversion from 'size_t' to 'int', possible loss of data
C:\Google Drive\Ongoing\segmentation\code\c++\linearSegmentation\linearSegmentation.cpp(530,10): warning C4267: 'initializing': conversion from 'size_t' to 'int', possible loss of data
C:\Google Drive\Ongoing\segmentation\code\c++\linearSegmentation\linearSegmentation.cpp(586,10): warning C4267: 'initializing': conversion from 'size_t' to 'int', possible loss of data
C:\Google Drive\Ongoing\segmentation\code\c++\linearSegmentation\linearSegmentation.cpp(587,10): warning C4267: 'initializing': conversion from 'size_t' to 'int', possible loss of data
C:\Google Drive\Ongoing\segmentation\code\c++\linearSegmentation\linearSegmentation.cpp(622,19): warning C4267: '=': conversion from 'size_t' to 'int', possible loss of data
C:\Google Drive\Ongoing\segmentation\code\c++\linearSegmentation\linearSegmentation.cpp(623,19): warning C4267: '=': conversion from 'size_t' to 'int', possible loss of data
C:\Google Drive\Ongoing\segmentation\code\c++\linearSegmentation\linearSegmentation.cpp(641,23): warning C4267: '=': conversion from 'size_t' to 'int', possible loss of data
C:\Google Drive\Ongoing\segmentation\code\c++\linearSegmentation\linearSegmentation.cpp(614,18): warning C4101: 'newcol': unreferenced local variable
C:\Google Drive\Ongoing\segmentation\code\c++\linearSegmentation\linearSegmentation.cpp(781,10): warning C4267: 'initializing': conversion from 'size_t' to 'int', possible loss of data
C:\Google Drive\Ongoing\segmentation\code\c++\linearSegmentation\linearSegmentation.cpp(821,21): warning C4244: '=': conversion from 'double' to 'int', possible loss of data
C:\Google Drive\Ongoing\segmentation\code\c++\linearSegmentation\linearSegmentation.cpp(880,19): warning C4267: '=': conversion from 'size_t' to 'int', possible loss of data
C:\Google Drive\Ongoing\segmentation\code\c++\linearSegmentation\linearSegmentation.cpp(877,31): warning C4101: 'intersecX': unreferenced local variable
C:\Google Drive\Ongoing\segmentation\code\c++\linearSegmentation\linearSegmentation.cpp(877,22): warning C4101: 'm2': unreferenced local variable
C:\Google Drive\Ongoing\segmentation\code\c++\linearSegmentation\linearSegmentation.cpp(877,41): warning C4101: 'intersecY': unreferenced local variable
C:\Google Drive\Ongoing\segmentation\code\c++\linearSegmentation\linearSegmentation.cpp(877,15): warning C4101: 'y20': unreferenced local variable
C:\Google Drive\Ongoing\segmentation\code\c++\linearSegmentation\linearSegmentation.cpp(877,19): warning C4101: 'm1': unreferenced local variable
C:\Google Drive\Ongoing\segmentation\code\c++\linearSegmentation\linearSegmentation.cpp(877,28): warning C4101: 'q2': unreferenced local variable
C:\Google Drive\Ongoing\segmentation\code\c++\linearSegmentation\linearSegmentation.cpp(877,25): warning C4101: 'q1': unreferenced local variable
C:\Google Drive\Ongoing\segmentation\code\c++\linearSegmentation\linearSegmentation.cpp(877,11): warning C4101: 'y11': unreferenced local variable
C:\Google Drive\Ongoing\segmentation\code\c++\linearSegmentation\linearSegmentation.cpp(939,19): warning C4267: '=': conversion from 'size_t' to 'int', possible loss of data
C:\Google Drive\Ongoing\segmentation\code\c++\linearSegmentation\linearSegmentation.cpp(997,10): warning C4267: 'initializing': conversion from 'size_t' to 'int', possible loss of data
C:\Google Drive\Ongoing\segmentation\code\c++\linearSegmentation\linearSegmentation.cpp(1023,11): warning C4101: 'j': unreferenced local variable
C:\Google Drive\Ongoing\segmentation\code\c++\linearSegmentation\linearSegmentation.cpp(1023,8): warning C4101: 'i': unreferenced local variable
C:\Google Drive\Ongoing\segmentation\code\c++\linearSegmentation\linearSegmentation.cpp(1090,19): warning C4267: '=': conversion from 'size_t' to 'int', possible loss of data
  Generating Code...
  linearSegmentation.vcxproj -> C:\Google Drive\Ongoing\segmentation\code\c++\linearSegmentation\x64\Debug\linearSegmentation.exe
